[     305ms] [VERBOSE] [DOM] Input elements should have autocomplete attributes (suggested: "current-password"): (More info: https://goo.gl/9p2vKq) %o @ http://localhost:3000/login:0
[   12715ms] [ERROR] TypeError: Cannot read properties of undefined (reading 'toUpperCase')
    at http://localhost:3000/assets/index-BrVBm7KN.js:222:14808
    at Array.map (<anonymous>)
    at Lk (http://localhost:3000/assets/index-BrVBm7KN.js:222:14549)
    at ms (http://localhost:3000/assets/index-BrVBm7KN.js:38:17263)
    at Es (http://localhost:3000/assets/index-BrVBm7KN.js:40:3158)
    at lf (http://localhost:3000/assets/index-BrVBm7KN.js:40:45244)
    at ef (http://localhost:3000/assets/index-BrVBm7KN.js:40:40094)
    at yy (http://localhost:3000/assets/index-BrVBm7KN.js:40:40022)
    at jo (http://localhost:3000/assets/index-BrVBm7KN.js:40:39875)
    at Us (http://localhost:3000/assets/index-BrVBm7KN.js:40:36190) @ http://localhost:3000/assets/index-BrVBm7KN.js:39
[   12721ms] TypeError: Cannot read properties of undefined (reading 'toUpperCase')
    at http://localhost:3000/assets/index-BrVBm7KN.js:222:14808
    at Array.map (<anonymous>)
    at Lk (http://localhost:3000/assets/index-BrVBm7KN.js:222:14549)
    at ms (http://localhost:3000/assets/index-BrVBm7KN.js:38:17263)
    at Es (http://localhost:3000/assets/index-BrVBm7KN.js:40:3158)
    at lf (http://localhost:3000/assets/index-BrVBm7KN.js:40:45244)
    at ef (http://localhost:3000/assets/index-BrVBm7KN.js:40:40094)
    at yy (http://localhost:3000/assets/index-BrVBm7KN.js:40:40022)
    at jo (http://localhost:3000/assets/index-BrVBm7KN.js:40:39875)
    at Us (http://localhost:3000/assets/index-BrVBm7KN.js:40:36190)
